  1.cpp
C:\Users\Lenovo\Documents\553503\ОАиП\LR1\Project1\Project1\1.cpp(3,2): error C2065: Double: необъявленный идентификатор
C:\Users\Lenovo\Documents\553503\ОАиП\LR1\Project1\Project1\1.cpp(3,9): error C2146: синтаксическая ошибка: отсутствие ";" перед идентификатором "touble"
C:\Users\Lenovo\Documents\553503\ОАиП\LR1\Project1\Project1\1.cpp(3,9): error C2065: touble: необъявленный идентификатор
C:\Users\Lenovo\Documents\553503\ОАиП\LR1\Project1\Project1\1.cpp(3,17): error C2065: start: необъявленный идентификатор
C:\Users\Lenovo\Documents\553503\ОАиП\LR1\Project1\Project1\1.cpp(3,24): error C2065: end: необъявленный идентификатор
C:\Users\Lenovo\Documents\553503\ОАиП\LR1\Project1\Project1\1.cpp(3,29): error C2065: step: необъявленный идентификатор
C:\Users\Lenovo\Documents\553503\ОАиП\LR1\Project1\Project1\1.cpp(4,12): error C2676: бинарный ">>": "std::ostream" не определяет этот оператор или преобразование к типу приемлемо к встроенному оператору
      C:\Program Files\Microsoft Visual Studio\2022\Community\VC\Tools\MSVC\14.44.35207\include\xstring(3395,32):
      может быть "std::basic_istream<_Elem,_Traits> &std::operator >>(std::basic_istream<_Elem,_Traits> &,std::basic_string<_Elem,_Traits,_Alloc> &)"
          C:\Users\Lenovo\Documents\553503\ОАиП\LR1\Project1\Project1\1.cpp(4,7):
          'std::basic_istream<_Elem,_Traits> &std::operator >>(std::basic_istream<_Elem,_Traits> &,std::basic_string<_Elem,_Traits,_Alloc> &)': не удалось вывести аргумент шаблон для 'std::basic_istream<_Elem,_Traits> &' из 'std::ostream'
      C:\Program Files\Microsoft Visual Studio\2022\Community\VC\Tools\MSVC\14.44.35207\include\istream(865,32):
      или       "std::basic_istream<_Elem,_Traits> &std::operator >>(std::basic_istream<_Elem,_Traits> &,_Elem *)"
          C:\Users\Lenovo\Documents\553503\ОАиП\LR1\Project1\Project1\1.cpp(4,7):
          'std::basic_istream<_Elem,_Traits> &std::operator >>(std::basic_istream<_Elem,_Traits> &,_Elem *)': не удалось вывести аргумент шаблон для 'std::basic_istream<_Elem,_Traits> &' из 'std::ostream'
      C:\Program Files\Microsoft Visual Studio\2022\Community\VC\Tools\MSVC\14.44.35207\include\istream(870,31):
      или       "std::basic_istream<char,_Traits> &std::operator >>(std::basic_istream<char,_Traits> &,signed char *)"
          C:\Users\Lenovo\Documents\553503\ОАиП\LR1\Project1\Project1\1.cpp(4,7):
          'std::basic_istream<char,_Traits> &std::operator >>(std::basic_istream<char,_Traits> &,signed char *)': не удалось вывести аргумент шаблон для 'std::basic_istream<char,_Traits> &' из 'std::ostream'
      C:\Program Files\Microsoft Visual Studio\2022\Community\VC\Tools\MSVC\14.44.35207\include\istream(875,31):
      или       "std::basic_istream<char,_Traits> &std::operator >>(std::basic_istream<char,_Traits> &,unsigned char *)"
          C:\Users\Lenovo\Documents\553503\ОАиП\LR1\Project1\Project1\1.cpp(4,7):
          'std::basic_istream<char,_Traits> &std::operator >>(std::basic_istream<char,_Traits> &,unsigned char *)': не удалось вывести аргумент шаблон для 'std::basic_istream<char,_Traits> &' из 'std::ostream'
      C:\Program Files\Microsoft Visual Studio\2022\Community\VC\Tools\MSVC\14.44.35207\include\istream(881,32):
      или       "std::basic_istream<_Elem,_Traits> &std::operator >>(std::basic_istream<_Elem,_Traits> &,_Elem &)"
          C:\Users\Lenovo\Documents\553503\ОАиП\LR1\Project1\Project1\1.cpp(4,7):
          'std::basic_istream<_Elem,_Traits> &std::operator >>(std::basic_istream<_Elem,_Traits> &,_Elem &)': не удалось вывести аргумент шаблон для 'std::basic_istream<_Elem,_Traits> &' из 'std::ostream'
      C:\Program Files\Microsoft Visual Studio\2022\Community\VC\Tools\MSVC\14.44.35207\include\istream(904,31):
      или       "std::basic_istream<char,_Traits> &std::operator >>(std::basic_istream<char,_Traits> &,signed char &)"
          C:\Users\Lenovo\Documents\553503\ОАиП\LR1\Project1\Project1\1.cpp(4,7):
          'std::basic_istream<char,_Traits> &std::operator >>(std::basic_istream<char,_Traits> &,signed char &)': не удалось вывести аргумент шаблон для 'std::basic_istream<char,_Traits> &' из 'std::ostream'
      C:\Program Files\Microsoft Visual Studio\2022\Community\VC\Tools\MSVC\14.44.35207\include\istream(910,31):
      или       "std::basic_istream<char,_Traits> &std::operator >>(std::basic_istream<char,_Traits> &,unsigned char &)"
          C:\Users\Lenovo\Documents\553503\ОАиП\LR1\Project1\Project1\1.cpp(4,7):
          'std::basic_istream<char,_Traits> &std::operator >>(std::basic_istream<char,_Traits> &,unsigned char &)': не удалось вывести аргумент шаблон для 'std::basic_istream<char,_Traits> &' из 'std::ostream'
      C:\Program Files\Microsoft Visual Studio\2022\Community\VC\Tools\MSVC\14.44.35207\include\istream(923,9):
      или       "_Istr &&std::operator >>(_Istr &&,_Ty &&)"
          C:\Users\Lenovo\Documents\553503\ОАиП\LR1\Project1\Project1\1.cpp(4,7):
          "_Istr &&std::operator >>(_Istr &&,_Ty &&)": не удается вывести аргумент шаблон для "__formal"
              C:\Program Files\Microsoft Visual Studio\2022\Community\VC\Tools\MSVC\14.44.35207\include\istream(922,102):
              "<template-parameter>": невозможно создать указатель на ссылку
  
C:\Users\Lenovo\Documents\553503\ОАиП\LR1\Project1\Project1\1.cpp(5,14): error C2065: start: необъявленный идентификатор
C:\Users\Lenovo\Documents\553503\ОАиП\LR1\Project1\Project1\1.cpp(6,12): error C2676: бинарный ">>": "std::ostream" не определяет этот оператор или преобразование к типу приемлемо к встроенному оператору
      C:\Program Files\Microsoft Visual Studio\2022\Community\VC\Tools\MSVC\14.44.35207\include\xstring(3395,32):
      может быть "std::basic_istream<_Elem,_Traits> &std::operator >>(std::basic_istream<_Elem,_Traits> &,std::basic_string<_Elem,_Traits,_Alloc> &)"
          C:\Users\Lenovo\Documents\553503\ОАиП\LR1\Project1\Project1\1.cpp(6,7):
          'std::basic_istream<_Elem,_Traits> &std::operator >>(std::basic_istream<_Elem,_Traits> &,std::basic_string<_Elem,_Traits,_Alloc> &)': не удалось вывести аргумент шаблон для 'std::basic_istream<_Elem,_Traits> &' из 'std::ostream'
      C:\Program Files\Microsoft Visual Studio\2022\Community\VC\Tools\MSVC\14.44.35207\include\istream(865,32):
      или       "std::basic_istream<_Elem,_Traits> &std::operator >>(std::basic_istream<_Elem,_Traits> &,_Elem *)"
          C:\Users\Lenovo\Documents\553503\ОАиП\LR1\Project1\Project1\1.cpp(6,7):
          'std::basic_istream<_Elem,_Traits> &std::operator >>(std::basic_istream<_Elem,_Traits> &,_Elem *)': не удалось вывести аргумент шаблон для 'std::basic_istream<_Elem,_Traits> &' из 'std::ostream'
      C:\Program Files\Microsoft Visual Studio\2022\Community\VC\Tools\MSVC\14.44.35207\include\istream(870,31):
      или       "std::basic_istream<char,_Traits> &std::operator >>(std::basic_istream<char,_Traits> &,signed char *)"
          C:\Users\Lenovo\Documents\553503\ОАиП\LR1\Project1\Project1\1.cpp(6,7):
          'std::basic_istream<char,_Traits> &std::operator >>(std::basic_istream<char,_Traits> &,signed char *)': не удалось вывести аргумент шаблон для 'std::basic_istream<char,_Traits> &' из 'std::ostream'
      C:\Program Files\Microsoft Visual Studio\2022\Community\VC\Tools\MSVC\14.44.35207\include\istream(875,31):
      или       "std::basic_istream<char,_Traits> &std::operator >>(std::basic_istream<char,_Traits> &,unsigned char *)"
          C:\Users\Lenovo\Documents\553503\ОАиП\LR1\Project1\Project1\1.cpp(6,7):
          'std::basic_istream<char,_Traits> &std::operator >>(std::basic_istream<char,_Traits> &,unsigned char *)': не удалось вывести аргумент шаблон для 'std::basic_istream<char,_Traits> &' из 'std::ostream'
      C:\Program Files\Microsoft Visual Studio\2022\Community\VC\Tools\MSVC\14.44.35207\include\istream(881,32):
      или       "std::basic_istream<_Elem,_Traits> &std::operator >>(std::basic_istream<_Elem,_Traits> &,_Elem &)"
          C:\Users\Lenovo\Documents\553503\ОАиП\LR1\Project1\Project1\1.cpp(6,7):
          'std::basic_istream<_Elem,_Traits> &std::operator >>(std::basic_istream<_Elem,_Traits> &,_Elem &)': не удалось вывести аргумент шаблон для 'std::basic_istream<_Elem,_Traits> &' из 'std::ostream'
      C:\Program Files\Microsoft Visual Studio\2022\Community\VC\Tools\MSVC\14.44.35207\include\istream(904,31):
      или       "std::basic_istream<char,_Traits> &std::operator >>(std::basic_istream<char,_Traits> &,signed char &)"
          C:\Users\Lenovo\Documents\553503\ОАиП\LR1\Project1\Project1\1.cpp(6,7):
          'std::basic_istream<char,_Traits> &std::operator >>(std::basic_istream<char,_Traits> &,signed char &)': не удалось вывести аргумент шаблон для 'std::basic_istream<char,_Traits> &' из 'std::ostream'
      C:\Program Files\Microsoft Visual Studio\2022\Community\VC\Tools\MSVC\14.44.35207\include\istream(910,31):
      или       "std::basic_istream<char,_Traits> &std::operator >>(std::basic_istream<char,_Traits> &,unsigned char &)"
          C:\Users\Lenovo\Documents\553503\ОАиП\LR1\Project1\Project1\1.cpp(6,7):
          'std::basic_istream<char,_Traits> &std::operator >>(std::basic_istream<char,_Traits> &,unsigned char &)': не удалось вывести аргумент шаблон для 'std::basic_istream<char,_Traits> &' из 'std::ostream'
      C:\Program Files\Microsoft Visual Studio\2022\Community\VC\Tools\MSVC\14.44.35207\include\istream(923,9):
      или       "_Istr &&std::operator >>(_Istr &&,_Ty &&)"
          C:\Users\Lenovo\Documents\553503\ОАиП\LR1\Project1\Project1\1.cpp(6,7):
          "_Istr &&std::operator >>(_Istr &&,_Ty &&)": не удается вывести аргумент шаблон для "__formal"
              C:\Program Files\Microsoft Visual Studio\2022\Community\VC\Tools\MSVC\14.44.35207\include\istream(922,102):
              "<template-parameter>": невозможно создать указатель на ссылку
  
C:\Users\Lenovo\Documents\553503\ОАиП\LR1\Project1\Project1\1.cpp(7,14): error C2065: end: необъявленный идентификатор
C:\Users\Lenovo\Documents\553503\ОАиП\LR1\Project1\Project1\1.cpp(8,12): error C2676: бинарный ">>": "std::ostream" не определяет этот оператор или преобразование к типу приемлемо к встроенному оператору
      C:\Program Files\Microsoft Visual Studio\2022\Community\VC\Tools\MSVC\14.44.35207\include\xstring(3395,32):
      может быть "std::basic_istream<_Elem,_Traits> &std::operator >>(std::basic_istream<_Elem,_Traits> &,std::basic_string<_Elem,_Traits,_Alloc> &)"
          C:\Users\Lenovo\Documents\553503\ОАиП\LR1\Project1\Project1\1.cpp(8,7):
          'std::basic_istream<_Elem,_Traits> &std::operator >>(std::basic_istream<_Elem,_Traits> &,std::basic_string<_Elem,_Traits,_Alloc> &)': не удалось вывести аргумент шаблон для 'std::basic_istream<_Elem,_Traits> &' из 'std::ostream'
      C:\Program Files\Microsoft Visual Studio\2022\Community\VC\Tools\MSVC\14.44.35207\include\istream(865,32):
      или       "std::basic_istream<_Elem,_Traits> &std::operator >>(std::basic_istream<_Elem,_Traits> &,_Elem *)"
          C:\Users\Lenovo\Documents\553503\ОАиП\LR1\Project1\Project1\1.cpp(8,7):
          'std::basic_istream<_Elem,_Traits> &std::operator >>(std::basic_istream<_Elem,_Traits> &,_Elem *)': не удалось вывести аргумент шаблон для 'std::basic_istream<_Elem,_Traits> &' из 'std::ostream'
      C:\Program Files\Microsoft Visual Studio\2022\Community\VC\Tools\MSVC\14.44.35207\include\istream(870,31):
      или       "std::basic_istream<char,_Traits> &std::operator >>(std::basic_istream<char,_Traits> &,signed char *)"
          C:\Users\Lenovo\Documents\553503\ОАиП\LR1\Project1\Project1\1.cpp(8,7):
          'std::basic_istream<char,_Traits> &std::operator >>(std::basic_istream<char,_Traits> &,signed char *)': не удалось вывести аргумент шаблон для 'std::basic_istream<char,_Traits> &' из 'std::ostream'
      C:\Program Files\Microsoft Visual Studio\2022\Community\VC\Tools\MSVC\14.44.35207\include\istream(875,31):
      или       "std::basic_istream<char,_Traits> &std::operator >>(std::basic_istream<char,_Traits> &,unsigned char *)"
          C:\Users\Lenovo\Documents\553503\ОАиП\LR1\Project1\Project1\1.cpp(8,7):
          'std::basic_istream<char,_Traits> &std::operator >>(std::basic_istream<char,_Traits> &,unsigned char *)': не удалось вывести аргумент шаблон для 'std::basic_istream<char,_Traits> &' из 'std::ostream'
      C:\Program Files\Microsoft Visual Studio\2022\Community\VC\Tools\MSVC\14.44.35207\include\istream(881,32):
      или       "std::basic_istream<_Elem,_Traits> &std::operator >>(std::basic_istream<_Elem,_Traits> &,_Elem &)"
          C:\Users\Lenovo\Documents\553503\ОАиП\LR1\Project1\Project1\1.cpp(8,7):
          'std::basic_istream<_Elem,_Traits> &std::operator >>(std::basic_istream<_Elem,_Traits> &,_Elem &)': не удалось вывести аргумент шаблон для 'std::basic_istream<_Elem,_Traits> &' из 'std::ostream'
      C:\Program Files\Microsoft Visual Studio\2022\Community\VC\Tools\MSVC\14.44.35207\include\istream(904,31):
      или       "std::basic_istream<char,_Traits> &std::operator >>(std::basic_istream<char,_Traits> &,signed char &)"
          C:\Users\Lenovo\Documents\553503\ОАиП\LR1\Project1\Project1\1.cpp(8,7):
          'std::basic_istream<char,_Traits> &std::operator >>(std::basic_istream<char,_Traits> &,signed char &)': не удалось вывести аргумент шаблон для 'std::basic_istream<char,_Traits> &' из 'std::ostream'
      C:\Program Files\Microsoft Visual Studio\2022\Community\VC\Tools\MSVC\14.44.35207\include\istream(910,31):
      или       "std::basic_istream<char,_Traits> &std::operator >>(std::basic_istream<char,_Traits> &,unsigned char &)"
          C:\Users\Lenovo\Documents\553503\ОАиП\LR1\Project1\Project1\1.cpp(8,7):
          'std::basic_istream<char,_Traits> &std::operator >>(std::basic_istream<char,_Traits> &,unsigned char &)': не удалось вывести аргумент шаблон для 'std::basic_istream<char,_Traits> &' из 'std::ostream'
      C:\Program Files\Microsoft Visual Studio\2022\Community\VC\Tools\MSVC\14.44.35207\include\istream(923,9):
      или       "_Istr &&std::operator >>(_Istr &&,_Ty &&)"
          C:\Users\Lenovo\Documents\553503\ОАиП\LR1\Project1\Project1\1.cpp(8,7):
          "_Istr &&std::operator >>(_Istr &&,_Ty &&)": не удается вывести аргумент шаблон для "__formal"
              C:\Program Files\Microsoft Visual Studio\2022\Community\VC\Tools\MSVC\14.44.35207\include\istream(922,102):
              "<template-parameter>": невозможно создать указатель на ссылку
  
C:\Users\Lenovo\Documents\553503\ОАиП\LR1\Project1\Project1\1.cpp(9,14): error C2065: step: необъявленный идентификатор
C:\Users\Lenovo\Documents\553503\ОАиП\LR1\Project1\Project1\1.cpp(10,2): error C2065: аргумент: необъявленный идентификатор
C:\Users\Lenovo\Documents\553503\ОАиП\LR1\Project1\Project1\1.cpp(11,3): error C2143: синтаксическая ошибка: отсутствие ";" перед "for"
C:\Users\Lenovo\Documents\553503\ОАиП\LR1\Project1\Project1\1.cpp(11,19): error C2065: start: необъявленный идентификатор
C:\Users\Lenovo\Documents\553503\ОАиП\LR1\Project1\Project1\1.cpp(11,31): error C2065: end: необъявленный идентификатор
C:\Users\Lenovo\Documents\553503\ОАиП\LR1\Project1\Project1\1.cpp(11,41): error C2065: step: необъявленный идентификатор
C:\Users\Lenovo\Documents\553503\ОАиП\LR1\Project1\Project1\1.cpp(14,4): error C2065: функции: необъявленный идентификатор
C:\Users\Lenovo\Documents\553503\ОАиП\LR1\Project1\Project1\1.cpp(14,19): error C2146: синтаксическая ошибка: отсутствие ";" перед идентификатором "для"
C:\Users\Lenovo\Documents\553503\ОАиП\LR1\Project1\Project1\1.cpp(14,19): error C2065: для: необъявленный идентификатор
C:\Users\Lenovo\Documents\553503\ОАиП\LR1\Project1\Project1\1.cpp(14,26): error C2146: синтаксическая ошибка: отсутствие ";" перед идентификатором "каждого"
C:\Users\Lenovo\Documents\553503\ОАиП\LR1\Project1\Project1\1.cpp(14,26): error C2065: каждого: необъявленный идентификатор
C:\Users\Lenovo\Documents\553503\ОАиП\LR1\Project1\Project1\1.cpp(14,41): error C2146: синтаксическая ошибка: отсутствие ";" перед идентификатором "аргумента"
C:\Users\Lenovo\Documents\553503\ОАиП\LR1\Project1\Project1\1.cpp(14,62): error C2296: "|": недопустимо, поскольку тип левого операнда — "double"
C:\Users\Lenovo\Documents\553503\ОАиП\LR1\Project1\Project1\1.cpp(14,62): error C2297: "|": недопустимо, поскольку тип правого операнда — "double"
C:\Users\Lenovo\Documents\553503\ОАиП\LR1\Project1\Project1\1.cpp(14,41): error C3861: аргумента: идентификатор не найден
C:\Users\Lenovo\Documents\553503\ОАиП\LR1\Project1\Project1\1.cpp(15,3): error C2143: синтаксическая ошибка: отсутствие ";" перед "}"
C:\Users\Lenovo\Documents\553503\ОАиП\LR1\Project1\Project1\1.cpp(16,9): error C2440: return: невозможно преобразовать "nullptr" в "int"
      C:\Users\Lenovo\Documents\553503\ОАиП\LR1\Project1\Project1\1.cpp(16,9):
      Машинный "nullptr" может быть преобразован только в логический тип, либо, при указании reinterpret_cast, в интегральный тип
  
